::1 - - [05/May/2021:20:15:15 +0000] "GET /users HTTP/1.1" 404 144 "-" "Mozilla/5.0 (Windows NT 10.0; Win64; x64) AppleWebKit/537.36 (KHTML, like Gecko) Chrome/90.0.4430.93 Safari/537.36"
::1 - - [05/May/2021:20:15:17 +0000] "GET / HTTP/1.1" 200 9 "-" "Mozilla/5.0 (Windows NT 10.0; Win64; x64) AppleWebKit/537.36 (KHTML, like Gecko) Chrome/90.0.4430.93 Safari/537.36"
::1 - - [05/May/2021:20:15:23 +0000] "GET /favicon.ico HTTP/1.1" 404 150 "http://localhost:8000/" "Mozilla/5.0 (Windows NT 10.0; Win64; x64) AppleWebKit/537.36 (KHTML, like Gecko) Chrome/90.0.4430.93 Safari/537.36"
::1 - - [05/May/2021:20:15:59 +0000] "GET /actors HTTP/1.1" 404 145 "-" "Mozilla/5.0 (Windows NT 10.0; Win64; x64) AppleWebKit/537.36 (KHTML, like Gecko) Chrome/90.0.4430.93 Safari/537.36"
::1 - - [05/May/2021:20:16:23 +0000] "GET /api/v1/actors HTTP/1.1" 500 18 "-" "Mozilla/5.0 (Windows NT 10.0; Win64; x64) AppleWebKit/537.36 (KHTML, like Gecko) Chrome/90.0.4430.93 Safari/537.36"
::1 - - [05/May/2021:20:21:01 +0000] "GET / HTTP/1.1" 304 - "-" "Mozilla/5.0 (Windows NT 10.0; Win64; x64) AppleWebKit/537.36 (KHTML, like Gecko) Chrome/90.0.4430.93 Safari/537.36"
::1 - - [05/May/2021:20:21:14 +0000] "GET /api/v1/actors HTTP/1.1" 200 2 "-" "Mozilla/5.0 (Windows NT 10.0; Win64; x64) AppleWebKit/537.36 (KHTML, like Gecko) Chrome/90.0.4430.93 Safari/537.36"
::1 - - [05/May/2021:20:22:53 +0000] "GET / HTTP/1.1" 200 9 "-" "insomnia/2021.2.1"
::1 - - [05/May/2021:20:23:37 +0000] "GET / HTTP/1.1" 200 9 "-" "insomnia/2021.2.1"
::1 - - [05/May/2021:20:23:51 +0000] "GET /api/v1/actors HTTP/1.1" 200 2 "-" "insomnia/2021.2.1"
::1 - - [05/May/2021:20:38:09 +0000] "POST /api/v1/actors HTTP/1.1" 200 247 "-" "insomnia/2021.2.1"
::1 - - [05/May/2021:20:38:34 +0000] "GET /api/v1/actors HTTP/1.1" 200 346 "-" "insomnia/2021.2.1"
::1 - - [05/May/2021:20:42:30 +0000] "GET /api/v1/actors/1 HTTP/1.1" 404 154 "-" "insomnia/2021.2.1"
::1 - - [05/May/2021:20:43:14 +0000] "GET /api/v1/actors HTTP/1.1" 200 346 "-" "insomnia/2021.2.1"
::1 - - [05/May/2021:20:43:59 +0000] "PUT /api/v1/actors/1 HTTP/1.1" 200 3 "-" "insomnia/2021.2.1"
::1 - - [05/May/2021:20:44:25 +0000] "GET /api/v1/actors HTTP/1.1" 200 333 "-" "insomnia/2021.2.1"
::1 - - [05/May/2021:20:44:39 +0000] "DELETE /api/v1/actors/1 HTTP/1.1" 404 157 "-" "insomnia/2021.2.1"
::1 - - [05/May/2021:20:46:23 +0000] "DELETE /api/v1/actors/1 HTTP/1.1" 200 1 "-" "insomnia/2021.2.1"
::1 - - [05/May/2021:21:07:21 +0000] "GET /api/v1/actors HTTP/1.1" 200 2 "-" "insomnia/2021.2.1"
::1 - - [05/May/2021:21:07:44 +0000] "POST /api/v1/actors HTTP/1.1" 200 341 "-" "insomnia/2021.2.1"
::1 - - [05/May/2021:21:08:12 +0000] "PUT /api/v1/actors HTTP/1.1" 404 152 "-" "insomnia/2021.2.1"
::1 - - [05/May/2021:21:10:20 +0000] "PUT /api/v1/actors/1 HTTP/1.1" 200 4 "-" "insomnia/2021.2.1"
::1 - - [05/May/2021:21:10:45 +0000] "GET /api/v1/actors HTTP/1.1" 200 333 "-" "insomnia/2021.2.1"
::1 - - [05/May/2021:21:11:00 +0000] "PUT /api/v1/actors/1 HTTP/1.1" 200 4 "-" "insomnia/2021.2.1"
::1 - - [05/May/2021:21:12:17 +0000] "DELETE /api/v1/actors/1 HTTP/1.1" 200 4 "-" "insomnia/2021.2.1"
::1 - - [05/May/2021:21:12:28 +0000] "GET /api/v1/actors/1 HTTP/1.1" 404 154 "-" "insomnia/2021.2.1"
::1 - - [05/May/2021:21:13:02 +0000] "GET /api/v1/actors HTTP/1.1" 200 333 "-" "insomnia/2021.2.1"
::1 - - [05/May/2021:21:13:21 +0000] "PUT /api/v1/actors/2 HTTP/1.1" 200 332 "-" "insomnia/2021.2.1"
::1 - - [05/May/2021:21:13:37 +0000] "GET /api/v1/actors HTTP/1.1" 200 334 "-" "insomnia/2021.2.1"
::1 - - [05/May/2021:21:13:53 +0000] "DELETE /api/v1/actors/2 HTTP/1.1" 200 332 "-" "insomnia/2021.2.1"
::1 - - [05/May/2021:21:14:05 +0000] "GET /api/v1/actors HTTP/1.1" 200 2 "-" "insomnia/2021.2.1"
::1 - - [05/May/2021:23:12:40 +0000] "GET /api/v1/api-docs HTTP/1.1" 404 154 "-" "Mozilla/5.0 (Windows NT 10.0; Win64; x64) AppleWebKit/537.36 (KHTML, like Gecko) Chrome/90.0.4430.93 Safari/537.36"
::1 - - [05/May/2021:23:12:53 +0000] "GET /api-docs HTTP/1.1" 404 147 "-" "Mozilla/5.0 (Windows NT 10.0; Win64; x64) AppleWebKit/537.36 (KHTML, like Gecko) Chrome/90.0.4430.93 Safari/537.36"
::1 - - [08/May/2021:00:29:53 +0000] "DELETE /api/v1/7 HTTP/1.1" 404 150 "-" "insomnia/2021.2.1"
::1 - - [08/May/2021:00:35:02 +0000] "POST /api/v1/users/15 HTTP/1.1" 404 155 "-" "insomnia/2021.2.1"
::1 - - [09/May/2021:20:38:49 +0000] "GET /api/v1/login HTTP/1.1" 404 151 "-" "insomnia/2021.3.0"
::1 - - [09/May/2021:21:02:49 +0000] "POST /api/v1/genres HTTP/1.1" 404 153 "-" "insomnia/2021.3.0"
::1 - - [09/May/2021:21:06:57 +0000] "POST /api/v1/genres HTTP/1.1" 404 153 "-" "insomnia/2021.3.0"
::1 - - [09/May/2021:21:07:09 +0000] "POST /api/v1/genres HTTP/1.1" 404 153 "-" "insomnia/2021.3.0"
::1 - - [10/May/2021:20:08:17 +0000] "POST /api/v1/contents/6 HTTP/1.1" 404 157 "-" "insomnia/2021.3.0"
::1 - - [10/May/2021:20:13:02 +0000] "POST /api/v1/contents/8 HTTP/1.1" 404 157 "-" "insomnia/2021.3.0"
::1 - - [10/May/2021:20:14:27 +0000] "POST /api/v1/contents/11 HTTP/1.1" 404 158 "-" "insomnia/2021.3.0"
::1 - - [10/May/2021:20:53:28 +0000] "GET /api/v1/directors/8 HTTP/1.1" 404 157 "-" "insomnia/2021.3.0"
::1 - - [10/May/2021:20:53:46 +0000] "GET /api/v1/directors/7 HTTP/1.1" 404 157 "-" "insomnia/2021.3.0"
::1 - - [10/May/2021:20:54:40 +0000] "GET /api/v1/api-docs HTTP/1.1" 404 154 "-" "insomnia/2021.3.0"
::ffff:127.0.0.1 - - [13/May/2021:02:04:54 +0000] "GET /src/uploads/actors/1620706905858.jpeg HTTP/1.1" 404 176 "-" "Mozilla/5.0 (Windows NT 10.0; Win64; x64) AppleWebKit/537.36 (KHTML, like Gecko) Chrome/90.0.4430.212 Safari/537.36"
::1 - - [13/May/2021:02:05:13 +0000] "GET /uploads/actors/1620706905858.jpeg HTTP/1.1" 404 172 "-" "Mozilla/5.0 (Windows NT 10.0; Win64; x64) AppleWebKit/537.36 (KHTML, like Gecko) Chrome/90.0.4430.212 Safari/537.36"
::1 - - [13/May/2021:02:06:00 +0000] "GET /src/uploads/actors/1620706905858.jpeg HTTP/1.1" 404 176 "-" "Mozilla/5.0 (Windows NT 10.0; Win64; x64) AppleWebKit/537.36 (KHTML, like Gecko) Chrome/90.0.4430.212 Safari/537.36"
::1 - - [13/May/2021:02:16:22 +0000] "GET / HTTP/1.1" 404 139 "-" "Mozilla/5.0 (Windows NT 10.0; Win64; x64) AppleWebKit/537.36 (KHTML, like Gecko) Chrome/90.0.4430.212 Safari/537.36"
::1 - - [13/May/2021:02:17:45 +0000] "GET /src/uploads/actors/1620706905858.jpeg HTTP/1.1" 404 176 "-" "Mozilla/5.0 (Windows NT 10.0; Win64; x64) AppleWebKit/537.36 (KHTML, like Gecko) Chrome/90.0.4430.212 Safari/537.36"
<<<<<<< HEAD
::1 - - [13/May/2021:14:15:59 +0000] "GET /api/v1/actor HTTP/1.1" 404 151 "-" "insomnia/2021.2.1"
::1 - - [13/May/2021:16:43:54 +0000] "POST /api/v1/users/11 HTTP/1.1" 404 155 "-" "insomnia/2021.2.1"
::1 - - [13/May/2021:19:39:14 +0000] "GET /api/v1/directors HTTP/1.1" 404 155 "-" "insomnia/2021.2.1"
::1 - - [13/May/2021:21:28:35 +0000] "GET /verify/$2a$10$v5uuicJUvaZ3hpGHGvYonuyC/UfvWzTuG2d8ImW3wqDmKsBE/Urcm HTTP/1.1" 404 206 "-" "Mozilla/5.0 (Windows NT 10.0; Win64; x64) AppleWebKit/537.36 (KHTML, like Gecko) Chrome/90.0.4430.212 Safari/537.36"
::1 - - [13/May/2021:21:29:34 +0000] "GET /verify/$2a$10$v5uuicJUvaZ3hpGHGvYonuyC/UfvWzTuG2d8ImW3wqDmKsBE/Urcm HTTP/1.1" 404 206 "-" "Mozilla/5.0 (Windows NT 10.0; Win64; x64) AppleWebKit/537.36 (KHTML, like Gecko) Chrome/90.0.4430.212 Safari/537.36"
::1 - - [13/May/2021:21:29:58 +0000] "GET /users HTTP/1.1" 404 144 "-" "Mozilla/5.0 (Windows NT 10.0; Win64; x64) AppleWebKit/537.36 (KHTML, like Gecko) Chrome/90.0.4430.212 Safari/537.36"
::1 - - [13/May/2021:21:34:41 +0000] "GET /users HTTP/1.1" 404 144 "-" "Mozilla/5.0 (Windows NT 10.0; Win64; x64) AppleWebKit/537.36 (KHTML, like Gecko) Chrome/90.0.4430.212 Safari/537.36"
::1 - - [13/May/2021:21:34:45 +0000] "GET /verify/1 HTTP/1.1" 404 147 "-" "Mozilla/5.0 (Windows NT 10.0; Win64; x64) AppleWebKit/537.36 (KHTML, like Gecko) Chrome/90.0.4430.212 Safari/537.36"
::1 - - [13/May/2021:21:35:03 +0000] "GET /users/1 HTTP/1.1" 404 146 "-" "Mozilla/5.0 (Windows NT 10.0; Win64; x64) AppleWebKit/537.36 (KHTML, like Gecko) Chrome/90.0.4430.212 Safari/537.36"
::1 - - [13/May/2021:21:52:13 +0000] "GET /favicon.ico HTTP/1.1" 404 150 "-" "Mozilla/5.0 (Windows NT 10.0; Win64; x64) AppleWebKit/537.36 (KHTML, like Gecko) Chrome/90.0.4430.212 Safari/537.36"
::1 - - [13/May/2021:22:18:13 +0000] "GET /src/uploads/actors/1620706905858.jpeg HTTP/1.1" 404 176 "-" "Mozilla/5.0 (Windows NT 10.0; Win64; x64) AppleWebKit/537.36 (KHTML, like Gecko) Chrome/90.0.4430.212 Safari/537.36"
::1 - - [13/May/2021:22:18:27 +0000] "GET /uploads/actors/1620706905858.jpeg HTTP/1.1" 404 172 "-" "Mozilla/5.0 (Windows NT 10.0; Win64; x64) AppleWebKit/537.36 (KHTML, like Gecko) Chrome/90.0.4430.212 Safari/537.36"
::1 - - [13/May/2021:22:18:44 +0000] "GET /api/v1/src/uploads/actors/1620706905858.jpeg HTTP/1.1" 404 183 "-" "Mozilla/5.0 (Windows NT 10.0; Win64; x64) AppleWebKit/537.36 (KHTML, like Gecko) Chrome/90.0.4430.212 Safari/537.36"
=======
::1 - - [13/May/2021:04:46:01 +0000] "GET /api/v1/directors HTTP/1.1" 404 155 "-" "Mozilla/5.0 (Windows NT 10.0; Win64; x64) AppleWebKit/537.36 (KHTML, like Gecko) Chrome/90.0.4430.93 Safari/537.36"
::1 - - [13/May/2021:17:12:25 +0000] "GET / HTTP/1.1" 404 139 "-" "Mozilla/5.0 (Windows NT 10.0; Win64; x64) AppleWebKit/537.36 (KHTML, like Gecko) Chrome/90.0.4430.93 Safari/537.36"
::1 - - [13/May/2021:17:13:21 +0000] "GET /api/vi/users HTTP/1.1" 404 151 "-" "Mozilla/5.0 (Windows NT 10.0; Win64; x64) AppleWebKit/537.36 (KHTML, like Gecko) Chrome/90.0.4430.93 Safari/537.36"
::1 - - [13/May/2021:17:14:12 +0000] "GET /favicon.ico HTTP/1.1" 404 150 "-" "Mozilla/5.0 (Windows NT 10.0; Win64; x64) AppleWebKit/537.36 (KHTML, like Gecko) Chrome/90.0.4430.93 Safari/537.36"
::1 - - [13/May/2021:17:14:56 +0000] "GET /api/v1/constens HTTP/1.1" 404 154 "-" "Mozilla/5.0 (Windows NT 10.0; Win64; x64) AppleWebKit/537.36 (KHTML, like Gecko) Chrome/90.0.4430.93 Safari/537.36"
::1 - - [13/May/2021:17:25:01 +0000] "GET /api/v1/directors HTTP/1.1" 404 155 "-" "Mozilla/5.0 (Windows NT 10.0; Win64; x64) AppleWebKit/537.36 (KHTML, like Gecko) Chrome/90.0.4430.93 Safari/537.36"
::1 - - [13/May/2021:17:25:49 +0000] "GET /api/v1/contens HTTP/1.1" 404 153 "-" "Mozilla/5.0 (Windows NT 10.0; Win64; x64) AppleWebKit/537.36 (KHTML, like Gecko) Chrome/90.0.4430.93 Safari/537.36"
::1 - - [13/May/2021:17:41:51 +0000] "GET /api/v1/directors HTTP/1.1" 404 155 "-" "Mozilla/5.0 (Windows NT 10.0; Win64; x64) AppleWebKit/537.36 (KHTML, like Gecko) Chrome/90.0.4430.93 Safari/537.36"
::1 - - [13/May/2021:17:43:00 +0000] "GET /api/v1//directors HTTP/1.1" 404 156 "-" "Mozilla/5.0 (Windows NT 10.0; Win64; x64) AppleWebKit/537.36 (KHTML, like Gecko) Chrome/90.0.4430.93 Safari/537.36"
::1 - - [13/May/2021:17:43:09 +0000] "GET /api/v1/directors HTTP/1.1" 404 155 "-" "Mozilla/5.0 (Windows NT 10.0; Win64; x64) AppleWebKit/537.36 (KHTML, like Gecko) Chrome/90.0.4430.93 Safari/537.36"
::1 - - [13/May/2021:17:43:18 +0000] "GET /api/v1/directors HTTP/1.1" 404 155 "-" "Mozilla/5.0 (Windows NT 10.0; Win64; x64) AppleWebKit/537.36 (KHTML, like Gecko) Chrome/90.0.4430.93 Safari/537.36"
::1 - - [13/May/2021:17:46:08 +0000] "GET /api/v1/directors HTTP/1.1" 404 155 "-" "insomnia/2021.3.0"
::1 - - [13/May/2021:20:20:51 +0000] "DELETE /api/v1/directors?id=11 HTTP/1.1" 404 158 "-" "insomnia/2021.3.0"
::1 - - [13/May/2021:21:51:05 +0000] "DELETE /api/v1/directors?id=11 HTTP/1.1" 404 158 "-" "insomnia/2021.3.0"
::1 - - [13/May/2021:21:51:29 +0000] "GET /favicon.ico HTTP/1.1" 404 150 "-" "Mozilla/5.0 (Windows NT 10.0; Win64; x64) AppleWebKit/537.36 (KHTML, like Gecko) Chrome/90.0.4430.93 Safari/537.36"
>>>>>>> 75f7aa156a04e25e20b14ee0777ac3a7bb3d1eb6
::1 - - [14/May/2021:00:54:47 +0000] "POST /api/v1/users/3 HTTP/1.1" 404 154 "-" "insomnia/2021.3.0"
::1 - - [14/May/2021:17:57:41 +0000] "POST /api/v1/users/6 HTTP/1.1" 404 154 "-" "insomnia/2021.2.1"
::1 - - [14/May/2021:18:04:09 +0000] "POST /api/v1/users/8 HTTP/1.1" 404 154 "-" "insomnia/2021.2.1"
::1 - - [14/May/2021:18:07:41 +0000] "POST /api/v1/users/9 HTTP/1.1" 404 154 "-" "insomnia/2021.2.1"
::1 - - [14/May/2021:18:11:09 +0000] "POST /api/v1/users/10 HTTP/1.1" 404 155 "-" "insomnia/2021.2.1"
::1 - - [14/May/2021:18:12:39 +0000] "POST /api/v1/users/11 HTTP/1.1" 404 155 "-" "insomnia/2021.2.1"
::1 - - [14/May/2021:21:47:43 +0000] "PUT /api/v1/directors/ HTTP/1.1" 404 156 "-" "insomnia/2021.3.0"
